# JRE version: OpenJDK Runtime Environment (7.0_181-b01) (build 1.7.0_181-b01)
# Java VM: OpenJDK Server VM (24.181-b01 mixed mode linux-x86 )
Heap
 PSYoungGen      total 34304K, used 581K [0xa8540000, 0xaa840000, 0xb3000000)
  eden space 32768K, 0% used [0xa8540000,0xa8540000,0xaa540000)
  from space 1536K, 37% used [0xaa540000,0xaa5d1438,0xaa6c0000)
  to   space 1536K, 0% used [0xaa6c0000,0xaa6c0000,0xaa840000)
 ParOldGen       total 21504K, used 1273K [0x93000000, 0x94500000, 0xa8540000)
  object space 21504K, 5% used [0x93000000,0x9313e4e8,0x94500000)
 PSPermGen       total 16384K, used 6611K [0x8b000000, 0x8c000000, 0x93000000)
  object space 16384K, 40% used [0x8b000000,0x8b674e08,0x8c000000)
GC Heap History (10 events):
Event: 3.557 GC heap after
Heap after GC invocations=2 (full 0):
 PSYoungGen      total 9472K, used 1265K [0xa8540000, 0xa97c0000, 0xb3000000)
  eden space 8192K, 0% used [0xa8540000,0xa8540000,0xa8d40000)
  from space 1280K, 98% used [0xa8e80000,0xa8fbc448,0xa8fc0000)
  to   space 1280K, 0% used [0xa8d40000,0xa8d40000,0xa8e80000)
 ParOldGen       total 21504K, used 8K [0x93000000, 0x94500000, 0xa8540000)
  object space 21504K, 0% used [0x93000000,0x93002000,0x94500000)
 PSPermGen       total 16384K, used 6543K [0x8b000000, 0x8c000000, 0x93000000)
  object space 16384K, 39% used [0x8b000000,0x8b663e20,0x8c000000)
}
Event: 3.561 GC heap before
{Heap before GC invocations=3 (full 0):
 PSYoungGen      total 9472K, used 9456K [0xa8540000, 0xa97c0000, 0xb3000000)
  eden space 8192K, 99% used [0xa8540000,0xa8d3fed0,0xa8d40000)
  from space 1280K, 98% used [0xa8e80000,0xa8fbc448,0xa8fc0000)
  to   space 1280K, 0% used [0xa8d40000,0xa8d40000,0xa8e80000)
 ParOldGen       total 21504K, used 8K [0x93000000, 0x94500000, 0xa8540000)
  object space 21504K, 0% used [0x93000000,0x93002000,0x94500000)
 PSPermGen       total 16384K, used 6544K [0x8b000000, 0x8c000000, 0x93000000)
  object space 16384K, 39% used [0x8b000000,0x8b6641a8,0x8c000000)
Event: 3.566 GC heap after
Heap after GC invocations=3 (full 0):
 PSYoungGen      total 9472K, used 1272K [0xa8540000, 0xa97c0000, 0xb3000000)
  eden space 8192K, 0% used [0xa8540000,0xa8540000,0xa8d40000)
  from space 1280K, 99% used [0xa8d40000,0xa8e7e030,0xa8e80000)
  to   space 1280K, 0% used [0xa9680000,0xa9680000,0xa97c0000)
 ParOldGen       total 21504K, used 46K [0x93000000, 0x94500000, 0xa8540000)
  object space 21504K, 0% used [0x93000000,0x9300b8c8,0x94500000)
 PSPermGen       total 16384K, used 6544K [0x8b000000, 0x8c000000, 0x93000000)
  object space 16384K, 39% used [0x8b000000,0x8b6641a8,0x8c000000)
}
Event: 3.568 GC heap before
{Heap before GC invocations=4 (full 0):
 PSYoungGen      total 9472K, used 9460K [0xa8540000, 0xa97c0000, 0xb3000000)
  eden space 8192K, 99% used [0xa8540000,0xa8d3f360,0xa8d40000)
  from space 1280K, 99% used [0xa8d40000,0xa8e7e030,0xa8e80000)
  to   space 1280K, 0% used [0xa9680000,0xa9680000,0xa97c0000)
 ParOldGen       total 21504K, used 46K [0x93000000, 0x94500000, 0xa8540000)
  object space 21504K, 0% used [0x93000000,0x9300b8c8,0x94500000)
 PSPermGen       total 16384K, used 6544K [0x8b000000, 0x8c000000, 0x93000000)
  object space 16384K, 39% used [0x8b000000,0x8b664308,0x8c000000)
Event: 3.577 GC heap after
Heap after GC invocations=4 (full 0):
 PSYoungGen      total 17664K, used 1271K [0xa8540000, 0xa97c0000, 0xb3000000)
  eden space 16384K, 0% used [0xa8540000,0xa8540000,0xa9540000)
  from space 1280K, 99% used [0xa9680000,0xa97bdc28,0xa97c0000)
  to   space 1280K, 0% used [0xa9540000,0xa9540000,0xa9680000)
 ParOldGen       total 21504K, used 88K [0x93000000, 0x94500000, 0xa8540000)
  object space 21504K, 0% used [0x93000000,0x93016160,0x94500000)
 PSPermGen       total 16384K, used 6544K [0x8b000000, 0x8c000000, 0x93000000)
  object space 16384K, 39% used [0x8b000000,0x8b664308,0x8c000000)
}
Event: 3.699 GC heap before
{Heap before GC invocations=5 (full 0):
 PSYoungGen      total 17664K, used 17640K [0xa8540000, 0xa97c0000, 0xb3000000)
  eden space 16384K, 99% used [0xa8540000,0xa953c6f0,0xa9540000)
  from space 1280K, 99% used [0xa9680000,0xa97bdc28,0xa97c0000)
  to   space 1280K, 0% used [0xa9540000,0xa9540000,0xa9680000)
 ParOldGen       total 21504K, used 88K [0x93000000, 0x94500000, 0xa8540000)
  object space 21504K, 0% used [0x93000000,0x93016160,0x94500000)
 PSPermGen       total 16384K, used 6544K [0x8b000000, 0x8c000000, 0x93000000)
  object space 16384K, 39% used [0x8b000000,0x8b664308,0x8c000000)
Event: 3.715 GC heap after
Heap after GC invocations=5 (full 0):
 PSYoungGen      total 17664K, used 1274K [0xa8540000, 0xaa840000, 0xb3000000)
  eden space 16384K, 0% used [0xa8540000,0xa8540000,0xa9540000)
  from space 1280K, 99% used [0xa9540000,0xa967eb30,0xa9680000)
  to   space 1536K, 0% used [0xaa6c0000,0xaa6c0000,0xaa840000)
 ParOldGen       total 21504K, used 152K [0x93000000, 0x94500000, 0xa8540000)
  object space 21504K, 0% used [0x93000000,0x93026160,0x94500000)
 PSPermGen       total 16384K, used 6544K [0x8b000000, 0x8c000000, 0x93000000)
  object space 16384K, 39% used [0x8b000000,0x8b664308,0x8c000000)
}
Event: 3.725 GC heap before
{Heap before GC invocations=6 (full 0):
 PSYoungGen      total 17664K, used 17658K [0xa8540000, 0xaa840000, 0xb3000000)
  eden space 16384K, 100% used [0xa8540000,0xa9540000,0xa9540000)
  from space 1280K, 99% used [0xa9540000,0xa967eb30,0xa9680000)
  to   space 1536K, 0% used [0xaa6c0000,0xaa6c0000,0xaa840000)
 ParOldGen       total 21504K, used 152K [0x93000000, 0x94500000, 0xa8540000)
  object space 21504K, 0% used [0x93000000,0x93026160,0x94500000)
 PSPermGen       total 16384K, used 6544K [0x8b000000, 0x8c000000, 0x93000000)
  object space 16384K, 39% used [0x8b000000,0x8b664308,0x8c000000)
Event: 3.741 GC heap after
Heap after GC invocations=6 (full 0):
 PSYoungGen      total 34304K, used 1358K [0xa8540000, 0xaa840000, 0xb3000000)
  eden space 32768K, 0% used [0xa8540000,0xa8540000,0xaa540000)
  from space 1536K, 88% used [0xaa6c0000,0xaa813bc0,0xaa840000)
  to   space 1536K, 0% used [0xaa540000,0xaa540000,0xaa6c0000)
 ParOldGen       total 21504K, used 152K [0x93000000, 0x94500000, 0xa8540000)
  object space 21504K, 0% used [0x93000000,0x93026160,0x94500000)
 PSPermGen       total 16384K, used 6544K [0x8b000000, 0x8c000000, 0x93000000)
  object space 16384K, 39% used [0x8b000000,0x8b664308,0x8c000000)
}
Event: 7.140 GC heap before
{Heap before GC invocations=7 (full 0):
 PSYoungGen      total 34304K, used 34120K [0xa8540000, 0xaa840000, 0xb3000000)
  eden space 32768K, 99% used [0xa8540000,0xaa53e740,0xaa540000)
  from space 1536K, 88% used [0xaa6c0000,0xaa813bc0,0xaa840000)
  to   space 1536K, 0% used [0xaa540000,0xaa540000,0xaa6c0000)
 ParOldGen       total 21504K, used 152K [0x93000000, 0x94500000, 0xa8540000)
  object space 21504K, 0% used [0x93000000,0x93026160,0x94500000)
 PSPermGen       total 16384K, used 6611K [0x8b000000, 0x8c000000, 0x93000000)
  object space 16384K, 40% used [0x8b000000,0x8b674e08,0x8c000000)

