# JRE version: OpenJDK Runtime Environment (7.0_181-b01) (build 1.7.0_181-b01)
# Java VM: OpenJDK Server VM (24.181-b01 mixed mode linux-x86 )
Heap
 PSYoungGen      total 34304K, used 735K [0xa8840000, 0xaab40000, 0xb3300000)
  eden space 32768K, 0% used [0xa8840000,0xa8840000,0xaa840000)
  from space 1536K, 47% used [0xaa840000,0xaa8f7f58,0xaa9c0000)
  to   space 1536K, 0% used [0xaa9c0000,0xaa9c0000,0xaab40000)
 ParOldGen       total 21504K, used 1270K [0x93300000, 0x94800000, 0xa8840000)
  object space 21504K, 5% used [0x93300000,0x9343da68,0x94800000)
 PSPermGen       total 16384K, used 6522K [0x8b300000, 0x8c300000, 0x93300000)
  object space 16384K, 39% used [0x8b300000,0x8b95eab0,0x8c300000)
GC Heap History (10 events):
Event: 2.667 GC heap after
Heap after GC invocations=2 (full 0):
 PSYoungGen      total 9472K, used 1273K [0xa8840000, 0xa9ac0000, 0xb3300000)
  eden space 8192K, 0% used [0xa8840000,0xa8840000,0xa9040000)
  from space 1280K, 99% used [0xa9180000,0xa92be458,0xa92c0000)
  to   space 1280K, 0% used [0xa9040000,0xa9040000,0xa9180000)
 ParOldGen       total 21504K, used 0K [0x93300000, 0x94800000, 0xa8840000)
  object space 21504K, 0% used [0x93300000,0x93300000,0x94800000)
 PSPermGen       total 16384K, used 6451K [0x8b300000, 0x8c300000, 0x93300000)
  object space 16384K, 39% used [0x8b300000,0x8b94ced8,0x8c300000)
}
Event: 2.674 GC heap before
{Heap before GC invocations=3 (full 0):
 PSYoungGen      total 9472K, used 9465K [0xa8840000, 0xa9ac0000, 0xb3300000)
  eden space 8192K, 100% used [0xa8840000,0xa9040000,0xa9040000)
  from space 1280K, 99% used [0xa9180000,0xa92be458,0xa92c0000)
  to   space 1280K, 0% used [0xa9040000,0xa9040000,0xa9180000)
 ParOldGen       total 21504K, used 0K [0x93300000, 0x94800000, 0xa8840000)
  object space 21504K, 0% used [0x93300000,0x93300000,0x94800000)
 PSPermGen       total 16384K, used 6452K [0x8b300000, 0x8c300000, 0x93300000)
  object space 16384K, 39% used [0x8b300000,0x8b94d150,0x8c300000)
Event: 2.678 GC heap after
Heap after GC invocations=3 (full 0):
 PSYoungGen      total 9472K, used 1269K [0xa8840000, 0xa9ac0000, 0xb3300000)
  eden space 8192K, 0% used [0xa8840000,0xa8840000,0xa9040000)
  from space 1280K, 99% used [0xa9040000,0xa917d760,0xa9180000)
  to   space 1280K, 0% used [0xa9980000,0xa9980000,0xa9ac0000)
 ParOldGen       total 21504K, used 40K [0x93300000, 0x94800000, 0xa8840000)
  object space 21504K, 0% used [0x93300000,0x9330a160,0x94800000)
 PSPermGen       total 16384K, used 6452K [0x8b300000, 0x8c300000, 0x93300000)
  object space 16384K, 39% used [0x8b300000,0x8b94d150,0x8c300000)
}
Event: 2.682 GC heap before
{Heap before GC invocations=4 (full 0):
 PSYoungGen      total 9472K, used 9451K [0xa8840000, 0xa9ac0000, 0xb3300000)
  eden space 8192K, 99% used [0xa8840000,0xa903d890,0xa9040000)
  from space 1280K, 99% used [0xa9040000,0xa917d760,0xa9180000)
  to   space 1280K, 0% used [0xa9980000,0xa9980000,0xa9ac0000)
 ParOldGen       total 21504K, used 40K [0x93300000, 0x94800000, 0xa8840000)
  object space 21504K, 0% used [0x93300000,0x9330a160,0x94800000)
 PSPermGen       total 16384K, used 6452K [0x8b300000, 0x8c300000, 0x93300000)
  object space 16384K, 39% used [0x8b300000,0x8b94d2b0,0x8c300000)
Event: 2.689 GC heap after
Heap after GC invocations=4 (full 0):
 PSYoungGen      total 17664K, used 1273K [0xa8840000, 0xa9ac0000, 0xb3300000)
  eden space 16384K, 0% used [0xa8840000,0xa8840000,0xa9840000)
  from space 1280K, 99% used [0xa9980000,0xa9abe458,0xa9ac0000)
  to   space 1280K, 0% used [0xa9840000,0xa9840000,0xa9980000)
 ParOldGen       total 21504K, used 84K [0x93300000, 0x94800000, 0xa8840000)
  object space 21504K, 0% used [0x93300000,0x93315160,0x94800000)
 PSPermGen       total 16384K, used 6452K [0x8b300000, 0x8c300000, 0x93300000)
  object space 16384K, 39% used [0x8b300000,0x8b94d2b0,0x8c300000)
}
Event: 2.746 GC heap before
{Heap before GC invocations=5 (full 0):
 PSYoungGen      total 17664K, used 17643K [0xa8840000, 0xa9ac0000, 0xb3300000)
  eden space 16384K, 99% used [0xa8840000,0xa983ca00,0xa9840000)
  from space 1280K, 99% used [0xa9980000,0xa9abe458,0xa9ac0000)
  to   space 1280K, 0% used [0xa9840000,0xa9840000,0xa9980000)
 ParOldGen       total 21504K, used 84K [0x93300000, 0x94800000, 0xa8840000)
  object space 21504K, 0% used [0x93300000,0x93315160,0x94800000)
 PSPermGen       total 16384K, used 6453K [0x8b300000, 0x8c300000, 0x93300000)
  object space 16384K, 39% used [0x8b300000,0x8b94d518,0x8c300000)
Event: 2.755 GC heap after
Heap after GC invocations=5 (full 0):
 PSYoungGen      total 17664K, used 1276K [0xa8840000, 0xaab40000, 0xb3300000)
  eden space 16384K, 0% used [0xa8840000,0xa8840000,0xa9840000)
  from space 1280K, 99% used [0xa9840000,0xa997f388,0xa9980000)
  to   space 1536K, 0% used [0xaa9c0000,0xaa9c0000,0xaab40000)
 ParOldGen       total 21504K, used 144K [0x93300000, 0x94800000, 0xa8840000)
  object space 21504K, 0% used [0x93300000,0x93324160,0x94800000)
 PSPermGen       total 16384K, used 6453K [0x8b300000, 0x8c300000, 0x93300000)
  object space 16384K, 39% used [0x8b300000,0x8b94d518,0x8c300000)
}
Event: 2.764 GC heap before
{Heap before GC invocations=6 (full 0):
 PSYoungGen      total 17664K, used 17652K [0xa8840000, 0xaab40000, 0xb3300000)
  eden space 16384K, 99% used [0xa8840000,0xa983de20,0xa9840000)
  from space 1280K, 99% used [0xa9840000,0xa997f388,0xa9980000)
  to   space 1536K, 0% used [0xaa9c0000,0xaa9c0000,0xaab40000)
 ParOldGen       total 21504K, used 144K [0x93300000, 0x94800000, 0xa8840000)
  object space 21504K, 0% used [0x93300000,0x93324160,0x94800000)
 PSPermGen       total 16384K, used 6453K [0x8b300000, 0x8c300000, 0x93300000)
  object space 16384K, 39% used [0x8b300000,0x8b94d518,0x8c300000)
Event: 2.777 GC heap after
Heap after GC invocations=6 (full 0):
 PSYoungGen      total 34304K, used 1357K [0xa8840000, 0xaab40000, 0xb3300000)
  eden space 32768K, 0% used [0xa8840000,0xa8840000,0xaa840000)
  from space 1536K, 88% used [0xaa9c0000,0xaab137e0,0xaab40000)
  to   space 1536K, 0% used [0xaa840000,0xaa840000,0xaa9c0000)
 ParOldGen       total 21504K, used 144K [0x93300000, 0x94800000, 0xa8840000)
  object space 21504K, 0% used [0x93300000,0x93324160,0x94800000)
 PSPermGen       total 16384K, used 6453K [0x8b300000, 0x8c300000, 0x93300000)
  object space 16384K, 39% used [0x8b300000,0x8b94d518,0x8c300000)
}
Event: 8.105 GC heap before
{Heap before GC invocations=7 (full 0):
 PSYoungGen      total 34304K, used 34125K [0xa8840000, 0xaab40000, 0xb3300000)
  eden space 32768K, 100% used [0xa8840000,0xaa840000,0xaa840000)
  from space 1536K, 88% used [0xaa9c0000,0xaab137e0,0xaab40000)
  to   space 1536K, 0% used [0xaa840000,0xaa840000,0xaa9c0000)
 ParOldGen       total 21504K, used 144K [0x93300000, 0x94800000, 0xa8840000)
  object space 21504K, 0% used [0x93300000,0x93324160,0x94800000)
 PSPermGen       total 16384K, used 6522K [0x8b300000, 0x8c300000, 0x93300000)
  object space 16384K, 39% used [0x8b300000,0x8b95eab0,0x8c300000)

