# JRE version: OpenJDK Runtime Environment (7.0_181-b01) (build 1.7.0_181-b01)
# Java VM: OpenJDK Server VM (24.181-b01 mixed mode linux-x86 )
Heap
 PSYoungGen      total 34304K, used 735K [0xa8800000, 0xaab00000, 0xb32c0000)
  eden space 32768K, 0% used [0xa8800000,0xa8800000,0xaa800000)
  from space 1536K, 47% used [0xaa800000,0xaa8b7f58,0xaa980000)
  to   space 1536K, 0% used [0xaa980000,0xaa980000,0xaab00000)
 ParOldGen       total 21504K, used 1268K [0x932c0000, 0x947c0000, 0xa8800000)
  object space 21504K, 5% used [0x932c0000,0x933fd2a0,0x947c0000)
 PSPermGen       total 16384K, used 6522K [0x8b2c0000, 0x8c2c0000, 0x932c0000)
  object space 16384K, 39% used [0x8b2c0000,0x8b91ea18,0x8c2c0000)
GC Heap History (10 events):
Event: 3.634 GC heap after
Heap after GC invocations=2 (full 0):
 PSYoungGen      total 9472K, used 1273K [0xa8800000, 0xa9a80000, 0xb32c0000)
  eden space 8192K, 0% used [0xa8800000,0xa8800000,0xa9000000)
  from space 1280K, 99% used [0xa9140000,0xa927e458,0xa9280000)
  to   space 1280K, 0% used [0xa9000000,0xa9000000,0xa9140000)
 ParOldGen       total 21504K, used 4K [0x932c0000, 0x947c0000, 0xa8800000)
  object space 21504K, 0% used [0x932c0000,0x932c1000,0x947c0000)
 PSPermGen       total 16384K, used 6452K [0x8b2c0000, 0x8c2c0000, 0x932c0000)
  object space 16384K, 39% used [0x8b2c0000,0x8b90d340,0x8c2c0000)
}
Event: 3.642 GC heap before
{Heap before GC invocations=3 (full 0):
 PSYoungGen      total 9472K, used 9465K [0xa8800000, 0xa9a80000, 0xb32c0000)
  eden space 8192K, 100% used [0xa8800000,0xa9000000,0xa9000000)
  from space 1280K, 99% used [0xa9140000,0xa927e458,0xa9280000)
  to   space 1280K, 0% used [0xa9000000,0xa9000000,0xa9140000)
 ParOldGen       total 21504K, used 4K [0x932c0000, 0x947c0000, 0xa8800000)
  object space 21504K, 0% used [0x932c0000,0x932c1000,0x947c0000)
 PSPermGen       total 16384K, used 6453K [0x8b2c0000, 0x8c2c0000, 0x932c0000)
  object space 16384K, 39% used [0x8b2c0000,0x8b90d5b8,0x8c2c0000)
Event: 3.657 GC heap after
Heap after GC invocations=3 (full 0):
 PSYoungGen      total 9472K, used 1276K [0xa8800000, 0xa9a80000, 0xb32c0000)
  eden space 8192K, 0% used [0xa8800000,0xa8800000,0xa9000000)
  from space 1280K, 99% used [0xa9000000,0xa913f318,0xa9140000)
  to   space 1280K, 0% used [0xa9940000,0xa9940000,0xa9a80000)
 ParOldGen       total 21504K, used 48K [0x932c0000, 0x947c0000, 0xa8800000)
  object space 21504K, 0% used [0x932c0000,0x932cc000,0x947c0000)
 PSPermGen       total 16384K, used 6453K [0x8b2c0000, 0x8c2c0000, 0x932c0000)
  object space 16384K, 39% used [0x8b2c0000,0x8b90d5b8,0x8c2c0000)
}
Event: 3.663 GC heap before
{Heap before GC invocations=4 (full 0):
 PSYoungGen      total 9472K, used 9459K [0xa8800000, 0xa9a80000, 0xb32c0000)
  eden space 8192K, 99% used [0xa8800000,0xa8ffdc90,0xa9000000)
  from space 1280K, 99% used [0xa9000000,0xa913f318,0xa9140000)
  to   space 1280K, 0% used [0xa9940000,0xa9940000,0xa9a80000)
 ParOldGen       total 21504K, used 48K [0x932c0000, 0x947c0000, 0xa8800000)
  object space 21504K, 0% used [0x932c0000,0x932cc000,0x947c0000)
 PSPermGen       total 16384K, used 6453K [0x8b2c0000, 0x8c2c0000, 0x932c0000)
  object space 16384K, 39% used [0x8b2c0000,0x8b90d718,0x8c2c0000)
Event: 3.692 GC heap after
Heap after GC invocations=4 (full 0):
 PSYoungGen      total 17664K, used 1272K [0xa8800000, 0xa9a80000, 0xb32c0000)
  eden space 16384K, 0% used [0xa8800000,0xa8800000,0xa9800000)
  from space 1280K, 99% used [0xa9940000,0xa9a7e048,0xa9a80000)
  to   space 1280K, 0% used [0xa9800000,0xa9800000,0xa9940000)
 ParOldGen       total 21504K, used 96K [0x932c0000, 0x947c0000, 0xa8800000)
  object space 21504K, 0% used [0x932c0000,0x932d8000,0x947c0000)
 PSPermGen       total 16384K, used 6453K [0x8b2c0000, 0x8c2c0000, 0x932c0000)
  object space 16384K, 39% used [0x8b2c0000,0x8b90d718,0x8c2c0000)
}
Event: 3.748 GC heap before
{Heap before GC invocations=5 (full 0):
 PSYoungGen      total 17664K, used 17656K [0xa8800000, 0xa9a80000, 0xb32c0000)
  eden space 16384K, 100% used [0xa8800000,0xa9800000,0xa9800000)
  from space 1280K, 99% used [0xa9940000,0xa9a7e048,0xa9a80000)
  to   space 1280K, 0% used [0xa9800000,0xa9800000,0xa9940000)
 ParOldGen       total 21504K, used 96K [0x932c0000, 0x947c0000, 0xa8800000)
  object space 21504K, 0% used [0x932c0000,0x932d8000,0x947c0000)
 PSPermGen       total 16384K, used 6453K [0x8b2c0000, 0x8c2c0000, 0x932c0000)
  object space 16384K, 39% used [0x8b2c0000,0x8b90d718,0x8c2c0000)
Event: 3.756 GC heap after
Heap after GC invocations=5 (full 0):
 PSYoungGen      total 17664K, used 1275K [0xa8800000, 0xaab00000, 0xb32c0000)
  eden space 16384K, 0% used [0xa8800000,0xa8800000,0xa9800000)
  from space 1280K, 99% used [0xa9800000,0xa993ef48,0xa9940000)
  to   space 1536K, 0% used [0xaa980000,0xaa980000,0xaab00000)
 ParOldGen       total 21504K, used 148K [0x932c0000, 0x947c0000, 0xa8800000)
  object space 21504K, 0% used [0x932c0000,0x932e5000,0x947c0000)
 PSPermGen       total 16384K, used 6453K [0x8b2c0000, 0x8c2c0000, 0x932c0000)
  object space 16384K, 39% used [0x8b2c0000,0x8b90d718,0x8c2c0000)
}
Event: 3.768 GC heap before
{Heap before GC invocations=6 (full 0):
 PSYoungGen      total 17664K, used 17659K [0xa8800000, 0xaab00000, 0xb32c0000)
  eden space 16384K, 100% used [0xa8800000,0xa9800000,0xa9800000)
  from space 1280K, 99% used [0xa9800000,0xa993ef48,0xa9940000)
  to   space 1536K, 0% used [0xaa980000,0xaa980000,0xaab00000)
 ParOldGen       total 21504K, used 148K [0x932c0000, 0x947c0000, 0xa8800000)
  object space 21504K, 0% used [0x932c0000,0x932e5000,0x947c0000)
 PSPermGen       total 16384K, used 6453K [0x8b2c0000, 0x8c2c0000, 0x932c0000)
  object space 16384K, 39% used [0x8b2c0000,0x8b90d718,0x8c2c0000)
Event: 3.787 GC heap after
Heap after GC invocations=6 (full 0):
 PSYoungGen      total 34304K, used 1333K [0xa8800000, 0xaab00000, 0xb32c0000)
  eden space 32768K, 0% used [0xa8800000,0xa8800000,0xaa800000)
  from space 1536K, 86% used [0xaa980000,0xaaacd7b8,0xaab00000)
  to   space 1536K, 0% used [0xaa800000,0xaa800000,0xaa980000)
 ParOldGen       total 21504K, used 148K [0x932c0000, 0x947c0000, 0xa8800000)
  object space 21504K, 0% used [0x932c0000,0x932e5000,0x947c0000)
 PSPermGen       total 16384K, used 6453K [0x8b2c0000, 0x8c2c0000, 0x932c0000)
  object space 16384K, 39% used [0x8b2c0000,0x8b90d718,0x8c2c0000)
}
Event: 14.281 GC heap before
{Heap before GC invocations=7 (full 0):
 PSYoungGen      total 34304K, used 34094K [0xa8800000, 0xaab00000, 0xb32c0000)
  eden space 32768K, 99% used [0xa8800000,0xaa7fe390,0xaa800000)
  from space 1536K, 86% used [0xaa980000,0xaaacd7b8,0xaab00000)
  to   space 1536K, 0% used [0xaa800000,0xaa800000,0xaa980000)
 ParOldGen       total 21504K, used 148K [0x932c0000, 0x947c0000, 0xa8800000)
  object space 21504K, 0% used [0x932c0000,0x932e5000,0x947c0000)
 PSPermGen       total 16384K, used 6522K [0x8b2c0000, 0x8c2c0000, 0x932c0000)
  object space 16384K, 39% used [0x8b2c0000,0x8b91ea18,0x8c2c0000)

